SH SERIES C/C++ Compiler (Ver. 6.0C)                                                                 01-Jan-2021 02:31:04  PAGE    1

************ OBJECT LISTING ************

FILE NAME: E:\Entwicklung\Casio\SDK\Snake\Digits.c

SCT OFFSET   CODE       C LABEL     INSTRUCTION OPERAND    COMMENT

        Digits.c     1    #include "Digits.h"
        Digits.c     2    #include "fxlib.h"
        Digits.c     3    
        Digits.c     4    uchar digitNULL[] = 
        Digits.c     5    {
        Digits.c     6        1, 1, 1, 1,
        Digits.c     7        1, 0, 0, 1,
        Digits.c     8        1, 0, 0, 1,
        Digits.c     9        1, 1, 1, 1
        Digits.c    10    };
        Digits.c    11    
        Digits.c    12    uchar iconTarget[] = 
        Digits.c    13    {
        Digits.c    14        0, 1, 1, 0,
        Digits.c    15        1, 0, 0, 1,
        Digits.c    16        1, 0, 0, 1,
        Digits.c    17        0, 1, 1, 0
        Digits.c    18    };
        Digits.c    19    
        Digits.c    20    uchar snakeHead[] = 
        Digits.c    21    {
        Digits.c    22        0, 1, 1, 0,
        Digits.c    23        1, 1, 1, 1,
        Digits.c    24        1, 1, 1, 1,
        Digits.c    25        0, 1, 1, 0
        Digits.c    26    };
        Digits.c    27    
        Digits.c    28    uchar snakeBody[] = 
        Digits.c    29    {
        Digits.c    30        1, 0, 0, 1,
        Digits.c    31        0, 1, 1, 0,
        Digits.c    32        0, 1, 1, 0,
        Digits.c    33        1, 0, 0, 1
        Digits.c    34    };
        Digits.c    35    
        Digits.c    36    uchar *GetDigit(int ind)
P   00000000              _GetDigit:                       ; function: GetDigit
                                                           ; frame size=0
        Digits.c    37    {
        Digits.c    38        switch(ind)
    00000000 6043                   MOV         R4,R0
    00000002 8801                   CMP/EQ      #1,R0
    00000004 8905                   BT          L315
    00000006 8802                   CMP/EQ      #2,R0
    00000008 8906                   BT          L316
    0000000A 8803                   CMP/EQ      #3,R0
    0000000C 8907                   BT          L317
    0000000E A009                   BRA         L318
    00000010 0009                   NOP
    00000012              L315:                            ; case label 
        Digits.c    39        {
        Digits.c    40            case ICON_TARGET: return iconTarget;
    00000012 D01D                   MOV.L       L325,R0    ; _iconTarget
    00000014 000B                   RTS




SH SERIES C/C++ Compiler (Ver. 6.0C)                                                                 01-Jan-2021 02:31:04  PAGE    2


SCT OFFSET   CODE       C LABEL     INSTRUCTION OPERAND    COMMENT

    00000016 0009                   NOP
    00000018              L316:                            ; case label 
        Digits.c    41            case ICON_SNAKE_HEAD: return snakeHead;
    00000018 D01C                   MOV.L       L325+4,R0  ; _snakeHead
    0000001A 000B                   RTS
    0000001C 0009                   NOP
    0000001E              L317:                            ; case label 
        Digits.c    42            case ICON_SNAKE_BODY: return snakeBody;
    0000001E D01C                   MOV.L       L325+8,R0  ; _snakeBody
    00000020 000B                   RTS
    00000022 0009                   NOP
    00000024              L318:                             
        Digits.c    43        }
        Digits.c    44        return digitNULL;
    00000024 D01B                   MOV.L       L325+12,R0 ; _digitNULL
        Digits.c    45    }
    00000026              L319:                             
    00000026 000B                   RTS
    00000028 0009                   NOP
        Digits.c    46    
        Digits.c    47    void DrawDigit(int x, int y, uchar *digit)
    0000002A              _DrawDigit:                      ; function: DrawDigit
                                                           ; frame size=28
    0000002A 2FE6                   MOV.L       R14,@-R15
    0000002C 2FD6                   MOV.L       R13,@-R15
        Digits.c    48    {
        Digits.c    49        int i, _x, _y;
        Digits.c    50        for(i = 0; i < 16; i++)
    0000002E EE00                   MOV         #0,R14
    00000030 2FC6                   MOV.L       R12,@-R15
    00000032 ED10                   MOV         #16,R13
    00000034 4F22                   STS.L       PR,@-R15
    00000036 7FF4                   ADD         #-12,R15
    00000038 DC17                   MOV.L       L325+16,R12; _Bdisp_SetPoint_DDVRAM
    0000003A 1F42                   MOV.L       R4,@(8,R15)
    0000003C 2F52                   MOV.L       R5,@R15
    0000003E 1F61                   MOV.L       R6,@(4,R15)
    00000040              L320:                             
        Digits.c    51        {
        Digits.c    52            _x = x + i % 4;
    00000040 60E3                   MOV         R14,R0
    00000042 4011                   CMP/PZ      R0
    00000044 8B01                   BF          L321
    00000046 A005                   BRA         L322
    00000048 C903                   AND         #3,R0
    0000004A              L321:                             
    0000004A 6007                   NOT         R0,R0
    0000004C 7001                   ADD         #1,R0
    0000004E C903                   AND         #3,R0
    00000050 6007                   NOT         R0,R0
    00000052 7001                   ADD         #1,R0
    00000054              L322:                             
    00000054 54F2                   MOV.L       @(8,R15),R4
        Digits.c    53            _y = y + i / 4;
    00000056 65E3                   MOV         R14,R5
    00000058 4511                   CMP/PZ      R5
    0000005A 8D01                   BT/S        L323




SH SERIES C/C++ Compiler (Ver. 6.0C)                                                                 01-Jan-2021 02:31:04  PAGE    3


SCT OFFSET   CODE       C LABEL     INSTRUCTION OPERAND    COMMENT

    0000005C 340C                   ADD         R0,R4
    0000005E 7503                   ADD         #3,R5
    00000060              L323:                             
    00000060 62F2                   MOV.L       @R15,R2
    00000062 4521                   SHAR        R5
        Digits.c    54            if(digit[i])
    00000064 50F1                   MOV.L       @(4,R15),R0
    00000066 4521                   SHAR        R5
    00000068 03EC                   MOV.B       @(R0,R14),R3
    0000006A 633C                   EXTU.B      R3,R3
    0000006C 2338                   TST         R3,R3
    0000006E 8D02                   BT/S        L324
    00000070 352C                   ADD         R2,R5
        Digits.c    55                Bdisp_SetPoint_DDVRAM(_x, _y, 1);
    00000072 4C0B                   JSR         @R12
    00000074 E601                   MOV         #1,R6
    00000076              L324:                             
    00000076 7E01                   ADD         #1,R14
    00000078 3ED3                   CMP/GE      R13,R14
    0000007A 8BE1                   BF          L320
        Digits.c    56        }
        Digits.c    57    }
    0000007C 7F0C                   ADD         #12,R15
    0000007E 4F26                   LDS.L       @R15+,PR
    00000080 6CF6                   MOV.L       @R15+,R12
    00000082 6DF6                   MOV.L       @R15+,R13
    00000084 000B                   RTS
    00000086 6EF6                   MOV.L       @R15+,R14
    00000088              L325:                             
    00000088 <00000000>             .DATA.L     _iconTarget
    0000008C <00000000>             .DATA.L     _snakeHead
    00000090 <00000000>             .DATA.L     _snakeBody
    00000094 <00000000>             .DATA.L     _digitNULL
    00000098 <00000000>             .DATA.L     _Bdisp_SetPoint_DDVRAM
D   00000000              _digitNULL:                      ; static: digitNULL
    00000000 0101010101             .DATA.B     H'01,H'01,H'01,H'01,H'01,H'00,H'00,H'01,H'01,H'00,H'00,H'01,H'01,H'01,H'01,H'01
             0000010100   
             0001010101   
             01           
    00000010              _iconTarget:                     ; static: iconTarget
    00000010 0001010001             .DATA.B     H'00,H'01,H'01,H'00,H'01,H'00,H'00,H'01,H'01,H'00,H'00,H'01,H'00,H'01,H'01,H'00
             0000010100   
             0001000101   
             00           
    00000020              _snakeHead:                      ; static: snakeHead
    00000020 0001010001             .DATA.B     H'00,H'01,H'01,H'00,H'01,H'01,H'01,H'01,H'01,H'01,H'01,H'01,H'00,H'01,H'01,H'00
             0101010101   
             0101000101   
             00           
    00000030              _snakeBody:                      ; static: snakeBody
    00000030 0100000100             .DATA.B     H'01,H'00,H'00,H'01,H'00,H'01,H'01,H'00,H'00,H'01,H'01,H'00,H'01,H'00,H'00,H'01
             0101000001   
             0100010000   
             01           







SH SERIES C/C++ Compiler (Ver. 6.0C)                                                                 01-Jan-2021 02:31:04  PAGE    1


******** STATISTICS INFORMATION ********


********** ERROR INFORMATION ***********

NUMBER OF ERRORS:           0
NUMBER OF WARNINGS:         0




******* SOURCE LINE INFORMATION ********

COMPILED SOURCE LINE:       57



******* SECTION SIZE INFORMATION *******

PROGRAM  SECTION (P):                               0000009C Byte(s)
CONSTANT SECTION (C):                               00000000 Byte(s)
DATA     SECTION (D):                               00000040 Byte(s)
BSS      SECTION (B):                               00000000 Byte(s)

 TOTAL PROGRAM SIZE: 000000DC Byte(s)



********** LABEL INFORMATION ***********

NUMBER OF EXTERNAL REFERENCE SYMBOLS:            1
NUMBER OF EXTERNAL DEFINITION SYMBOLS:           6
NUMBER OF INTERNAL/EXTERNAL SYMBOLS:            18






























*** COMMAND PARAMETER ***


  -subcommand=C:\DOCUME~1\milky\LOCALS~1\Temp\hmk557.tmp 

